<?xml version="1.0" encoding="UTF-8"?>
<testsuite xmlns:xsi="http://www.w3.org/2001/XMLSchema-instance" xsi:noNamespaceSchemaLocation="https://maven.apache.org/surefire/maven-surefire-plugin/xsd/surefire-test-report.xsd" name="com.imooc.pan.schedule.test.ScheduleTaskTest" time="20.3" tests="1" errors="0" skipped="0" failures="0">
  <properties>
    <property name="gopherProxySet" value="false"/>
    <property name="awt.toolkit" value="sun.lwawt.macosx.LWCToolkit"/>
    <property name="file.encoding.pkg" value="sun.io"/>
    <property name="java.specification.version" value="1.8"/>
    <property name="sun.cpu.isalist" value=""/>
    <property name="sun.jnu.encoding" value="UTF-8"/>
    <property name="java.class.path" value="/Users/weileipeng/r-pan/framework/schedule/target/test-classes:/Users/weileipeng/r-pan/framework/schedule/target/classes:/Users/weileipeng/.m2/repository/com/imooc/pan/r-pan-core/1.0/r-pan-core-1.0.jar:/Users/weileipeng/.m2/repository/com/fasterxml/jackson/core/jackson-annotations/2.9.8/jackson-annotations-2.9.8.jar:/Users/weileipeng/.m2/repository/com/google/guava/guava/20.0/guava-20.0.jar:/Users/weileipeng/.m2/repository/org/apache/commons/commons-lang3/3.5/commons-lang3-3.5.jar:/Users/weileipeng/.m2/repository/commons-collections/commons-collections/3.2.1/commons-collections-3.2.1.jar:/Users/weileipeng/.m2/repository/commons-io/commons-io/2.4/commons-io-2.4.jar:/Users/weileipeng/.m2/repository/com/alibaba/fastjson/1.2.56/fastjson-1.2.56.jar:/Users/weileipeng/.m2/repository/io/jsonwebtoken/jjwt/0.7.0/jjwt-0.7.0.jar:/Users/weileipeng/.m2/repository/com/fasterxml/jackson/core/jackson-databind/2.9.8/jackson-databind-2.9.8.jar:/Users/weileipeng/.m2/repository/com/fasterxml/jackson/core/jackson-core/2.9.8/jackson-core-2.9.8.jar:/Users/weileipeng/.m2/repository/cn/hutool/hutool-core/4.5.18/hutool-core-4.5.18.jar:/Users/weileipeng/.m2/repository/org/springframework/boot/spring-boot-starter/2.2.5.RELEASE/spring-boot-starter-2.2.5.RELEASE.jar:/Users/weileipeng/.m2/repository/org/springframework/boot/spring-boot/2.2.5.RELEASE/spring-boot-2.2.5.RELEASE.jar:/Users/weileipeng/.m2/repository/org/springframework/spring-context/5.2.4.RELEASE/spring-context-5.2.4.RELEASE.jar:/Users/weileipeng/.m2/repository/org/springframework/spring-aop/5.2.4.RELEASE/spring-aop-5.2.4.RELEASE.jar:/Users/weileipeng/.m2/repository/org/springframework/spring-beans/5.2.4.RELEASE/spring-beans-5.2.4.RELEASE.jar:/Users/weileipeng/.m2/repository/org/springframework/spring-expression/5.2.4.RELEASE/spring-expression-5.2.4.RELEASE.jar:/Users/weileipeng/.m2/repository/org/springframework/boot/spring-boot-autoconfigure/2.2.5.RELEASE/spring-boot-autoconfigure-2.2.5.RELEASE.jar:/Users/weileipeng/.m2/repository/org/springframework/boot/spring-boot-starter-logging/2.2.5.RELEASE/spring-boot-starter-logging-2.2.5.RELEASE.jar:/Users/weileipeng/.m2/repository/ch/qos/logback/logback-classic/1.2.3/logback-classic-1.2.3.jar:/Users/weileipeng/.m2/repository/ch/qos/logback/logback-core/1.2.3/logback-core-1.2.3.jar:/Users/weileipeng/.m2/repository/org/apache/logging/log4j/log4j-to-slf4j/2.12.1/log4j-to-slf4j-2.12.1.jar:/Users/weileipeng/.m2/repository/org/apache/logging/log4j/log4j-api/2.12.1/log4j-api-2.12.1.jar:/Users/weileipeng/.m2/repository/org/slf4j/jul-to-slf4j/1.7.30/jul-to-slf4j-1.7.30.jar:/Users/weileipeng/.m2/repository/jakarta/annotation/jakarta.annotation-api/1.3.5/jakarta.annotation-api-1.3.5.jar:/Users/weileipeng/.m2/repository/org/springframework/spring-core/5.2.4.RELEASE/spring-core-5.2.4.RELEASE.jar:/Users/weileipeng/.m2/repository/org/springframework/spring-jcl/5.2.4.RELEASE/spring-jcl-5.2.4.RELEASE.jar:/Users/weileipeng/.m2/repository/org/yaml/snakeyaml/1.25/snakeyaml-1.25.jar:/Users/weileipeng/.m2/repository/org/springframework/boot/spring-boot-starter-test/2.2.5.RELEASE/spring-boot-starter-test-2.2.5.RELEASE.jar:/Users/weileipeng/.m2/repository/org/springframework/boot/spring-boot-test/2.2.5.RELEASE/spring-boot-test-2.2.5.RELEASE.jar:/Users/weileipeng/.m2/repository/org/springframework/boot/spring-boot-test-autoconfigure/2.2.5.RELEASE/spring-boot-test-autoconfigure-2.2.5.RELEASE.jar:/Users/weileipeng/.m2/repository/com/jayway/jsonpath/json-path/2.4.0/json-path-2.4.0.jar:/Users/weileipeng/.m2/repository/net/minidev/json-smart/2.3/json-smart-2.3.jar:/Users/weileipeng/.m2/repository/net/minidev/accessors-smart/1.2/accessors-smart-1.2.jar:/Users/weileipeng/.m2/repository/org/ow2/asm/asm/5.0.4/asm-5.0.4.jar:/Users/weileipeng/.m2/repository/org/slf4j/slf4j-api/1.7.30/slf4j-api-1.7.30.jar:/Users/weileipeng/.m2/repository/jakarta/xml/bind/jakarta.xml.bind-api/2.3.2/jakarta.xml.bind-api-2.3.2.jar:/Users/weileipeng/.m2/repository/jakarta/activation/jakarta.activation-api/1.2.2/jakarta.activation-api-1.2.2.jar:/Users/weileipeng/.m2/repository/org/junit/jupiter/junit-jupiter/5.5.2/junit-jupiter-5.5.2.jar:/Users/weileipeng/.m2/repository/org/junit/jupiter/junit-jupiter-api/5.5.2/junit-jupiter-api-5.5.2.jar:/Users/weileipeng/.m2/repository/org/opentest4j/opentest4j/1.2.0/opentest4j-1.2.0.jar:/Users/weileipeng/.m2/repository/org/junit/platform/junit-platform-commons/1.5.2/junit-platform-commons-1.5.2.jar:/Users/weileipeng/.m2/repository/org/junit/jupiter/junit-jupiter-params/5.5.2/junit-jupiter-params-5.5.2.jar:/Users/weileipeng/.m2/repository/org/junit/jupiter/junit-jupiter-engine/5.5.2/junit-jupiter-engine-5.5.2.jar:/Users/weileipeng/.m2/repository/org/junit/vintage/junit-vintage-engine/5.5.2/junit-vintage-engine-5.5.2.jar:/Users/weileipeng/.m2/repository/org/apiguardian/apiguardian-api/1.1.0/apiguardian-api-1.1.0.jar:/Users/weileipeng/.m2/repository/org/junit/platform/junit-platform-engine/1.5.2/junit-platform-engine-1.5.2.jar:/Users/weileipeng/.m2/repository/junit/junit/4.12/junit-4.12.jar:/Users/weileipeng/.m2/repository/org/mockito/mockito-junit-jupiter/3.1.0/mockito-junit-jupiter-3.1.0.jar:/Users/weileipeng/.m2/repository/org/assertj/assertj-core/3.13.2/assertj-core-3.13.2.jar:/Users/weileipeng/.m2/repository/org/hamcrest/hamcrest/2.1/hamcrest-2.1.jar:/Users/weileipeng/.m2/repository/org/mockito/mockito-core/3.1.0/mockito-core-3.1.0.jar:/Users/weileipeng/.m2/repository/net/bytebuddy/byte-buddy/1.10.8/byte-buddy-1.10.8.jar:/Users/weileipeng/.m2/repository/net/bytebuddy/byte-buddy-agent/1.10.8/byte-buddy-agent-1.10.8.jar:/Users/weileipeng/.m2/repository/org/objenesis/objenesis/2.6/objenesis-2.6.jar:/Users/weileipeng/.m2/repository/org/skyscreamer/jsonassert/1.5.0/jsonassert-1.5.0.jar:/Users/weileipeng/.m2/repository/com/vaadin/external/google/android-json/0.0.20131108.vaadin1/android-json-0.0.20131108.vaadin1.jar:/Users/weileipeng/.m2/repository/org/springframework/spring-test/5.2.4.RELEASE/spring-test-5.2.4.RELEASE.jar:/Users/weileipeng/.m2/repository/org/xmlunit/xmlunit-core/2.6.3/xmlunit-core-2.6.3.jar:/Users/weileipeng/.m2/repository/org/projectlombok/lombok/1.18.20/lombok-1.18.20.jar:/Users/weileipeng/.m2/repository/org/springframework/boot/spring-boot-starter-actuator/2.2.5.RELEASE/spring-boot-starter-actuator-2.2.5.RELEASE.jar:/Users/weileipeng/.m2/repository/org/springframework/boot/spring-boot-actuator-autoconfigure/2.2.5.RELEASE/spring-boot-actuator-autoconfigure-2.2.5.RELEASE.jar:/Users/weileipeng/.m2/repository/org/springframework/boot/spring-boot-actuator/2.2.5.RELEASE/spring-boot-actuator-2.2.5.RELEASE.jar:/Users/weileipeng/.m2/repository/com/fasterxml/jackson/datatype/jackson-datatype-jsr310/2.9.8/jackson-datatype-jsr310-2.9.8.jar:/Users/weileipeng/.m2/repository/io/micrometer/micrometer-core/1.3.5/micrometer-core-1.3.5.jar:/Users/weileipeng/.m2/repository/org/hdrhistogram/HdrHistogram/2.1.11/HdrHistogram-2.1.11.jar:/Users/weileipeng/.m2/repository/org/latencyutils/LatencyUtils/2.0.3/LatencyUtils-2.0.3.jar:/Users/weileipeng/.m2/repository/org/mapstruct/mapstruct/1.5.2.Final/mapstruct-1.5.2.Final.jar:"/>
    <property name="java.vm.vendor" value="Amazon.com Inc."/>
    <property name="sun.arch.data.model" value="64"/>
    <property name="java.vendor.url" value="https://aws.amazon.com/corretto/"/>
    <property name="user.timezone" value=""/>
    <property name="java.vm.specification.version" value="1.8"/>
    <property name="os.name" value="Mac OS X"/>
    <property name="user.country" value="US"/>
    <property name="sun.java.launcher" value="SUN_STANDARD"/>
    <property name="sun.boot.library.path" value="/Users/weileipeng/Library/Java/JavaVirtualMachines/corretto-1.8.0_402/Contents/Home/jre/lib"/>
    <property name="sun.java.command" value="/Users/weileipeng/r-pan/framework/schedule/target/surefire/surefirebooter6834770689020042010.jar /Users/weileipeng/r-pan/framework/schedule/target/surefire 2024-04-23T02-56-54_376-jvmRun1 surefire5479777761572606526tmp surefire_05357992173450664520tmp"/>
    <property name="surefire.test.class.path" value="/Users/weileipeng/r-pan/framework/schedule/target/test-classes:/Users/weileipeng/r-pan/framework/schedule/target/classes:/Users/weileipeng/.m2/repository/com/imooc/pan/r-pan-core/1.0/r-pan-core-1.0.jar:/Users/weileipeng/.m2/repository/com/fasterxml/jackson/core/jackson-annotations/2.9.8/jackson-annotations-2.9.8.jar:/Users/weileipeng/.m2/repository/com/google/guava/guava/20.0/guava-20.0.jar:/Users/weileipeng/.m2/repository/org/apache/commons/commons-lang3/3.5/commons-lang3-3.5.jar:/Users/weileipeng/.m2/repository/commons-collections/commons-collections/3.2.1/commons-collections-3.2.1.jar:/Users/weileipeng/.m2/repository/commons-io/commons-io/2.4/commons-io-2.4.jar:/Users/weileipeng/.m2/repository/com/alibaba/fastjson/1.2.56/fastjson-1.2.56.jar:/Users/weileipeng/.m2/repository/io/jsonwebtoken/jjwt/0.7.0/jjwt-0.7.0.jar:/Users/weileipeng/.m2/repository/com/fasterxml/jackson/core/jackson-databind/2.9.8/jackson-databind-2.9.8.jar:/Users/weileipeng/.m2/repository/com/fasterxml/jackson/core/jackson-core/2.9.8/jackson-core-2.9.8.jar:/Users/weileipeng/.m2/repository/cn/hutool/hutool-core/4.5.18/hutool-core-4.5.18.jar:/Users/weileipeng/.m2/repository/org/springframework/boot/spring-boot-starter/2.2.5.RELEASE/spring-boot-starter-2.2.5.RELEASE.jar:/Users/weileipeng/.m2/repository/org/springframework/boot/spring-boot/2.2.5.RELEASE/spring-boot-2.2.5.RELEASE.jar:/Users/weileipeng/.m2/repository/org/springframework/spring-context/5.2.4.RELEASE/spring-context-5.2.4.RELEASE.jar:/Users/weileipeng/.m2/repository/org/springframework/spring-aop/5.2.4.RELEASE/spring-aop-5.2.4.RELEASE.jar:/Users/weileipeng/.m2/repository/org/springframework/spring-beans/5.2.4.RELEASE/spring-beans-5.2.4.RELEASE.jar:/Users/weileipeng/.m2/repository/org/springframework/spring-expression/5.2.4.RELEASE/spring-expression-5.2.4.RELEASE.jar:/Users/weileipeng/.m2/repository/org/springframework/boot/spring-boot-autoconfigure/2.2.5.RELEASE/spring-boot-autoconfigure-2.2.5.RELEASE.jar:/Users/weileipeng/.m2/repository/org/springframework/boot/spring-boot-starter-logging/2.2.5.RELEASE/spring-boot-starter-logging-2.2.5.RELEASE.jar:/Users/weileipeng/.m2/repository/ch/qos/logback/logback-classic/1.2.3/logback-classic-1.2.3.jar:/Users/weileipeng/.m2/repository/ch/qos/logback/logback-core/1.2.3/logback-core-1.2.3.jar:/Users/weileipeng/.m2/repository/org/apache/logging/log4j/log4j-to-slf4j/2.12.1/log4j-to-slf4j-2.12.1.jar:/Users/weileipeng/.m2/repository/org/apache/logging/log4j/log4j-api/2.12.1/log4j-api-2.12.1.jar:/Users/weileipeng/.m2/repository/org/slf4j/jul-to-slf4j/1.7.30/jul-to-slf4j-1.7.30.jar:/Users/weileipeng/.m2/repository/jakarta/annotation/jakarta.annotation-api/1.3.5/jakarta.annotation-api-1.3.5.jar:/Users/weileipeng/.m2/repository/org/springframework/spring-core/5.2.4.RELEASE/spring-core-5.2.4.RELEASE.jar:/Users/weileipeng/.m2/repository/org/springframework/spring-jcl/5.2.4.RELEASE/spring-jcl-5.2.4.RELEASE.jar:/Users/weileipeng/.m2/repository/org/yaml/snakeyaml/1.25/snakeyaml-1.25.jar:/Users/weileipeng/.m2/repository/org/springframework/boot/spring-boot-starter-test/2.2.5.RELEASE/spring-boot-starter-test-2.2.5.RELEASE.jar:/Users/weileipeng/.m2/repository/org/springframework/boot/spring-boot-test/2.2.5.RELEASE/spring-boot-test-2.2.5.RELEASE.jar:/Users/weileipeng/.m2/repository/org/springframework/boot/spring-boot-test-autoconfigure/2.2.5.RELEASE/spring-boot-test-autoconfigure-2.2.5.RELEASE.jar:/Users/weileipeng/.m2/repository/com/jayway/jsonpath/json-path/2.4.0/json-path-2.4.0.jar:/Users/weileipeng/.m2/repository/net/minidev/json-smart/2.3/json-smart-2.3.jar:/Users/weileipeng/.m2/repository/net/minidev/accessors-smart/1.2/accessors-smart-1.2.jar:/Users/weileipeng/.m2/repository/org/ow2/asm/asm/5.0.4/asm-5.0.4.jar:/Users/weileipeng/.m2/repository/org/slf4j/slf4j-api/1.7.30/slf4j-api-1.7.30.jar:/Users/weileipeng/.m2/repository/jakarta/xml/bind/jakarta.xml.bind-api/2.3.2/jakarta.xml.bind-api-2.3.2.jar:/Users/weileipeng/.m2/repository/jakarta/activation/jakarta.activation-api/1.2.2/jakarta.activation-api-1.2.2.jar:/Users/weileipeng/.m2/repository/org/junit/jupiter/junit-jupiter/5.5.2/junit-jupiter-5.5.2.jar:/Users/weileipeng/.m2/repository/org/junit/jupiter/junit-jupiter-api/5.5.2/junit-jupiter-api-5.5.2.jar:/Users/weileipeng/.m2/repository/org/opentest4j/opentest4j/1.2.0/opentest4j-1.2.0.jar:/Users/weileipeng/.m2/repository/org/junit/platform/junit-platform-commons/1.5.2/junit-platform-commons-1.5.2.jar:/Users/weileipeng/.m2/repository/org/junit/jupiter/junit-jupiter-params/5.5.2/junit-jupiter-params-5.5.2.jar:/Users/weileipeng/.m2/repository/org/junit/jupiter/junit-jupiter-engine/5.5.2/junit-jupiter-engine-5.5.2.jar:/Users/weileipeng/.m2/repository/org/junit/vintage/junit-vintage-engine/5.5.2/junit-vintage-engine-5.5.2.jar:/Users/weileipeng/.m2/repository/org/apiguardian/apiguardian-api/1.1.0/apiguardian-api-1.1.0.jar:/Users/weileipeng/.m2/repository/org/junit/platform/junit-platform-engine/1.5.2/junit-platform-engine-1.5.2.jar:/Users/weileipeng/.m2/repository/junit/junit/4.12/junit-4.12.jar:/Users/weileipeng/.m2/repository/org/mockito/mockito-junit-jupiter/3.1.0/mockito-junit-jupiter-3.1.0.jar:/Users/weileipeng/.m2/repository/org/assertj/assertj-core/3.13.2/assertj-core-3.13.2.jar:/Users/weileipeng/.m2/repository/org/hamcrest/hamcrest/2.1/hamcrest-2.1.jar:/Users/weileipeng/.m2/repository/org/mockito/mockito-core/3.1.0/mockito-core-3.1.0.jar:/Users/weileipeng/.m2/repository/net/bytebuddy/byte-buddy/1.10.8/byte-buddy-1.10.8.jar:/Users/weileipeng/.m2/repository/net/bytebuddy/byte-buddy-agent/1.10.8/byte-buddy-agent-1.10.8.jar:/Users/weileipeng/.m2/repository/org/objenesis/objenesis/2.6/objenesis-2.6.jar:/Users/weileipeng/.m2/repository/org/skyscreamer/jsonassert/1.5.0/jsonassert-1.5.0.jar:/Users/weileipeng/.m2/repository/com/vaadin/external/google/android-json/0.0.20131108.vaadin1/android-json-0.0.20131108.vaadin1.jar:/Users/weileipeng/.m2/repository/org/springframework/spring-test/5.2.4.RELEASE/spring-test-5.2.4.RELEASE.jar:/Users/weileipeng/.m2/repository/org/xmlunit/xmlunit-core/2.6.3/xmlunit-core-2.6.3.jar:/Users/weileipeng/.m2/repository/org/projectlombok/lombok/1.18.20/lombok-1.18.20.jar:/Users/weileipeng/.m2/repository/org/springframework/boot/spring-boot-starter-actuator/2.2.5.RELEASE/spring-boot-starter-actuator-2.2.5.RELEASE.jar:/Users/weileipeng/.m2/repository/org/springframework/boot/spring-boot-actuator-autoconfigure/2.2.5.RELEASE/spring-boot-actuator-autoconfigure-2.2.5.RELEASE.jar:/Users/weileipeng/.m2/repository/org/springframework/boot/spring-boot-actuator/2.2.5.RELEASE/spring-boot-actuator-2.2.5.RELEASE.jar:/Users/weileipeng/.m2/repository/com/fasterxml/jackson/datatype/jackson-datatype-jsr310/2.9.8/jackson-datatype-jsr310-2.9.8.jar:/Users/weileipeng/.m2/repository/io/micrometer/micrometer-core/1.3.5/micrometer-core-1.3.5.jar:/Users/weileipeng/.m2/repository/org/hdrhistogram/HdrHistogram/2.1.11/HdrHistogram-2.1.11.jar:/Users/weileipeng/.m2/repository/org/latencyutils/LatencyUtils/2.0.3/LatencyUtils-2.0.3.jar:/Users/weileipeng/.m2/repository/org/mapstruct/mapstruct/1.5.2.Final/mapstruct-1.5.2.Final.jar:"/>
    <property name="sun.cpu.endian" value="little"/>
    <property name="user.home" value="/Users/weileipeng"/>
    <property name="user.language" value="en"/>
    <property name="java.specification.vendor" value="Oracle Corporation"/>
    <property name="java.home" value="/Users/weileipeng/Library/Java/JavaVirtualMachines/corretto-1.8.0_402/Contents/Home/jre"/>
    <property name="basedir" value="/Users/weileipeng/r-pan/framework/schedule"/>
    <property name="file.separator" value="/"/>
    <property name="line.separator" value="&#10;"/>
    <property name="java.vm.specification.vendor" value="Oracle Corporation"/>
    <property name="java.specification.name" value="Java Platform API Specification"/>
    <property name="java.awt.graphicsenv" value="sun.awt.CGraphicsEnvironment"/>
    <property name="surefire.real.class.path" value="/Users/weileipeng/r-pan/framework/schedule/target/surefire/surefirebooter6834770689020042010.jar"/>
    <property name="sun.boot.class.path" value="/Users/weileipeng/Library/Java/JavaVirtualMachines/corretto-1.8.0_402/Contents/Home/jre/lib/resources.jar:/Users/weileipeng/Library/Java/JavaVirtualMachines/corretto-1.8.0_402/Contents/Home/jre/lib/rt.jar:/Users/weileipeng/Library/Java/JavaVirtualMachines/corretto-1.8.0_402/Contents/Home/jre/lib/sunrsasign.jar:/Users/weileipeng/Library/Java/JavaVirtualMachines/corretto-1.8.0_402/Contents/Home/jre/lib/jsse.jar:/Users/weileipeng/Library/Java/JavaVirtualMachines/corretto-1.8.0_402/Contents/Home/jre/lib/jce.jar:/Users/weileipeng/Library/Java/JavaVirtualMachines/corretto-1.8.0_402/Contents/Home/jre/lib/charsets.jar:/Users/weileipeng/Library/Java/JavaVirtualMachines/corretto-1.8.0_402/Contents/Home/jre/lib/jfr.jar:/Users/weileipeng/Library/Java/JavaVirtualMachines/corretto-1.8.0_402/Contents/Home/jre/classes"/>
    <property name="sun.management.compiler" value="HotSpot 64-Bit Tiered Compilers"/>
    <property name="java.runtime.version" value="1.8.0_402-b08"/>
    <property name="user.name" value="weileipeng"/>
    <property name="path.separator" value=":"/>
    <property name="os.version" value="14.2.1"/>
    <property name="java.endorsed.dirs" value="/Users/weileipeng/Library/Java/JavaVirtualMachines/corretto-1.8.0_402/Contents/Home/jre/lib/endorsed"/>
    <property name="java.runtime.name" value="OpenJDK Runtime Environment"/>
    <property name="file.encoding" value="UTF-8"/>
    <property name="java.vm.name" value="OpenJDK 64-Bit Server VM"/>
    <property name="localRepository" value="/Users/weileipeng/.m2/repository"/>
    <property name="java.vendor.url.bug" value="https://github.com/corretto/corretto-8/issues/"/>
    <property name="java.io.tmpdir" value="/var/folders/v_/7mbzgscd1xs7f6dk0q4rs2j40000gn/T/"/>
    <property name="idea.version" value="2023.3.1"/>
    <property name="java.version" value="1.8.0_402"/>
    <property name="user.dir" value="/Users/weileipeng/r-pan/framework/schedule"/>
    <property name="os.arch" value="aarch64"/>
    <property name="java.vm.specification.name" value="Java Virtual Machine Specification"/>
    <property name="java.awt.printerjob" value="sun.lwawt.macosx.CPrinterJob"/>
    <property name="sun.os.patch.level" value="unknown"/>
    <property name="java.library.path" value="/Users/weileipeng/Library/Java/Extensions:/Library/Java/Extensions:/Network/Library/Java/Extensions:/System/Library/Java/Extensions:/usr/lib/java:."/>
    <property name="java.vm.info" value="mixed mode"/>
    <property name="java.vendor" value="Amazon.com Inc."/>
    <property name="java.vm.version" value="25.402-b08"/>
    <property name="java.specification.maintenance.version" value="5"/>
    <property name="java.ext.dirs" value="/Users/weileipeng/Library/Java/Extensions:/Users/weileipeng/Library/Java/JavaVirtualMachines/corretto-1.8.0_402/Contents/Home/jre/lib/ext:/Library/Java/Extensions:/Network/Library/Java/Extensions:/System/Library/Java/Extensions:/usr/lib/java"/>
    <property name="sun.io.unicode.encoding" value="UnicodeBig"/>
    <property name="java.class.version" value="52.0"/>
  </properties>
  <testcase name="testRunScheduleTask" classname="com.imooc.pan.schedule.test.ScheduleTaskTest" time="20.113"/>
</testsuite>